Determining if the pthread_create exist failed with the following output:
Change Dir: /home/buffoon/dev_ws/build/more_interfaces/CMakeFiles/CMakeTmp

Run Build Command:"/usr/bin/make" "cmTC_42480/fast"
/usr/bin/make -f CMakeFiles/cmTC_42480.dir/build.make CMakeFiles/cmTC_42480.dir/build
make[1]: Entering directory '/home/buffoon/dev_ws/build/more_interfaces/CMakeFiles/CMakeTmp'
Building C object CMakeFiles/cmTC_42480.dir/CheckSymbolExists.c.o
/usr/bin/cc    -o CMakeFiles/cmTC_42480.dir/CheckSymbolExists.c.o   -c /home/buffoon/dev_ws/build/more_interfaces/CMakeFiles/CMakeTmp/CheckSymbolExists.c
Linking C executable cmTC_42480
/usr/bin/cmake -E cmake_link_script CMakeFiles/cmTC_42480.dir/link.txt --verbose=1
/usr/bin/cc      CMakeFiles/cmTC_42480.dir/CheckSymbolExists.c.o  -o cmTC_42480 
CMakeFiles/cmTC_42480.dir/CheckSymbolExists.c.o: In function `main':
CheckSymbolExists.c:(.text+0x1b): undefined reference to `pthread_create'
collect2: error: ld returned 1 exit status
CMakeFiles/cmTC_42480.dir/build.make:97: recipe for target 'cmTC_42480' failed
make[1]: *** [cmTC_42480] Error 1
make[1]: Leaving directory '/home/buffoon/dev_ws/build/more_interfaces/CMakeFiles/CMakeTmp'
Makefile:126: recipe for target 'cmTC_42480/fast' failed
make: *** [cmTC_42480/fast] Error 2

File /home/buffoon/dev_ws/build/more_interfaces/CMakeFiles/CMakeTmp/CheckSymbolExists.c:
/* */
#include <pthread.h>

int main(int argc, char** argv)
{
  (void)argv;
#ifndef pthread_create
  return ((int*)(&pthread_create))[argc];
#else
  (void)argc;
  return 0;
#endif
}

Determining if the function pthread_create exists in the pthreads failed with the following output:
Change Dir: /home/buffoon/dev_ws/build/more_interfaces/CMakeFiles/CMakeTmp

Run Build Command:"/usr/bin/make" "cmTC_e915f/fast"
/usr/bin/make -f CMakeFiles/cmTC_e915f.dir/build.make CMakeFiles/cmTC_e915f.dir/build
make[1]: Entering directory '/home/buffoon/dev_ws/build/more_interfaces/CMakeFiles/CMakeTmp'
Building C object CMakeFiles/cmTC_e915f.dir/CheckFunctionExists.c.o
/usr/bin/cc   -DCHECK_FUNCTION_EXISTS=pthread_create   -o CMakeFiles/cmTC_e915f.dir/CheckFunctionExists.c.o   -c /usr/share/cmake-3.10/Modules/CheckFunctionExists.c
Linking C executable cmTC_e915f
/usr/bin/cmake -E cmake_link_script CMakeFiles/cmTC_e915f.dir/link.txt --verbose=1
/usr/bin/cc  -DCHECK_FUNCTION_EXISTS=pthread_create    CMakeFiles/cmTC_e915f.dir/CheckFunctionExists.c.o  -o cmTC_e915f -lpthreads 
/usr/bin/ld: cannot find -lpthreads
collect2: error: ld returned 1 exit status
CMakeFiles/cmTC_e915f.dir/build.make:97: recipe for target 'cmTC_e915f' failed
make[1]: *** [cmTC_e915f] Error 1
make[1]: Leaving directory '/home/buffoon/dev_ws/build/more_interfaces/CMakeFiles/CMakeTmp'
Makefile:126: recipe for target 'cmTC_e915f/fast' failed
make: *** [cmTC_e915f/fast] Error 2


