Determining if the pthread_create exist failed with the following output:
Change Dir: /home/buffoon/dev_ws/build/cpp_srvcli/CMakeFiles/CMakeTmp

Run Build Command:"/usr/bin/make" "cmTC_95383/fast"
/usr/bin/make -f CMakeFiles/cmTC_95383.dir/build.make CMakeFiles/cmTC_95383.dir/build
make[1]: Entering directory '/home/buffoon/dev_ws/build/cpp_srvcli/CMakeFiles/CMakeTmp'
Building C object CMakeFiles/cmTC_95383.dir/CheckSymbolExists.c.o
/usr/bin/cc    -o CMakeFiles/cmTC_95383.dir/CheckSymbolExists.c.o   -c /home/buffoon/dev_ws/build/cpp_srvcli/CMakeFiles/CMakeTmp/CheckSymbolExists.c
Linking C executable cmTC_95383
/usr/bin/cmake -E cmake_link_script CMakeFiles/cmTC_95383.dir/link.txt --verbose=1
/usr/bin/cc      CMakeFiles/cmTC_95383.dir/CheckSymbolExists.c.o  -o cmTC_95383 
CMakeFiles/cmTC_95383.dir/CheckSymbolExists.c.o: In function `main':
CheckSymbolExists.c:(.text+0x1b): undefined reference to `pthread_create'
collect2: error: ld returned 1 exit status
CMakeFiles/cmTC_95383.dir/build.make:97: recipe for target 'cmTC_95383' failed
make[1]: *** [cmTC_95383] Error 1
make[1]: Leaving directory '/home/buffoon/dev_ws/build/cpp_srvcli/CMakeFiles/CMakeTmp'
Makefile:126: recipe for target 'cmTC_95383/fast' failed
make: *** [cmTC_95383/fast] Error 2

File /home/buffoon/dev_ws/build/cpp_srvcli/CMakeFiles/CMakeTmp/CheckSymbolExists.c:
/* */
#include <pthread.h>

int main(int argc, char** argv)
{
  (void)argv;
#ifndef pthread_create
  return ((int*)(&pthread_create))[argc];
#else
  (void)argc;
  return 0;
#endif
}

Determining if the function pthread_create exists in the pthreads failed with the following output:
Change Dir: /home/buffoon/dev_ws/build/cpp_srvcli/CMakeFiles/CMakeTmp

Run Build Command:"/usr/bin/make" "cmTC_8e52a/fast"
/usr/bin/make -f CMakeFiles/cmTC_8e52a.dir/build.make CMakeFiles/cmTC_8e52a.dir/build
make[1]: Entering directory '/home/buffoon/dev_ws/build/cpp_srvcli/CMakeFiles/CMakeTmp'
Building C object CMakeFiles/cmTC_8e52a.dir/CheckFunctionExists.c.o
/usr/bin/cc   -DCHECK_FUNCTION_EXISTS=pthread_create   -o CMakeFiles/cmTC_8e52a.dir/CheckFunctionExists.c.o   -c /usr/share/cmake-3.10/Modules/CheckFunctionExists.c
Linking C executable cmTC_8e52a
/usr/bin/cmake -E cmake_link_script CMakeFiles/cmTC_8e52a.dir/link.txt --verbose=1
/usr/bin/cc  -DCHECK_FUNCTION_EXISTS=pthread_create    CMakeFiles/cmTC_8e52a.dir/CheckFunctionExists.c.o  -o cmTC_8e52a -lpthreads 
/usr/bin/ld: cannot find -lpthreads
collect2: error: ld returned 1 exit status
CMakeFiles/cmTC_8e52a.dir/build.make:97: recipe for target 'cmTC_8e52a' failed
make[1]: *** [cmTC_8e52a] Error 1
make[1]: Leaving directory '/home/buffoon/dev_ws/build/cpp_srvcli/CMakeFiles/CMakeTmp'
Makefile:126: recipe for target 'cmTC_8e52a/fast' failed
make: *** [cmTC_8e52a/fast] Error 2


