Determining if the pthread_create exist failed with the following output:
Change Dir: /home/buffoon/dev_ws/build/cpp_pubsub/CMakeFiles/CMakeTmp

Run Build Command:"/usr/bin/make" "cmTC_bba67/fast"
make[1]: Entering directory '/home/buffoon/dev_ws/build/cpp_pubsub/CMakeFiles/CMakeTmp'
/usr/bin/make -f CMakeFiles/cmTC_bba67.dir/build.make CMakeFiles/cmTC_bba67.dir/build
make[2]: Entering directory '/home/buffoon/dev_ws/build/cpp_pubsub/CMakeFiles/CMakeTmp'
Building C object CMakeFiles/cmTC_bba67.dir/CheckSymbolExists.c.o
/usr/bin/cc    -o CMakeFiles/cmTC_bba67.dir/CheckSymbolExists.c.o   -c /home/buffoon/dev_ws/build/cpp_pubsub/CMakeFiles/CMakeTmp/CheckSymbolExists.c
Linking C executable cmTC_bba67
/usr/bin/cmake -E cmake_link_script CMakeFiles/cmTC_bba67.dir/link.txt --verbose=1
/usr/bin/cc      CMakeFiles/cmTC_bba67.dir/CheckSymbolExists.c.o  -o cmTC_bba67 
CMakeFiles/cmTC_bba67.dir/CheckSymbolExists.c.o: In function `main':
CheckSymbolExists.c:(.text+0x1b): undefined reference to `pthread_create'
collect2: error: ld returned 1 exit status
CMakeFiles/cmTC_bba67.dir/build.make:97: recipe for target 'cmTC_bba67' failed
make[2]: *** [cmTC_bba67] Error 1
make[2]: Leaving directory '/home/buffoon/dev_ws/build/cpp_pubsub/CMakeFiles/CMakeTmp'
Makefile:126: recipe for target 'cmTC_bba67/fast' failed
make[1]: *** [cmTC_bba67/fast] Error 2
make[1]: Leaving directory '/home/buffoon/dev_ws/build/cpp_pubsub/CMakeFiles/CMakeTmp'

File /home/buffoon/dev_ws/build/cpp_pubsub/CMakeFiles/CMakeTmp/CheckSymbolExists.c:
/* */
#include <pthread.h>

int main(int argc, char** argv)
{
  (void)argv;
#ifndef pthread_create
  return ((int*)(&pthread_create))[argc];
#else
  (void)argc;
  return 0;
#endif
}

Determining if the function pthread_create exists in the pthreads failed with the following output:
Change Dir: /home/buffoon/dev_ws/build/cpp_pubsub/CMakeFiles/CMakeTmp

Run Build Command:"/usr/bin/make" "cmTC_1347b/fast"
make[1]: Entering directory '/home/buffoon/dev_ws/build/cpp_pubsub/CMakeFiles/CMakeTmp'
/usr/bin/make -f CMakeFiles/cmTC_1347b.dir/build.make CMakeFiles/cmTC_1347b.dir/build
make[2]: Entering directory '/home/buffoon/dev_ws/build/cpp_pubsub/CMakeFiles/CMakeTmp'
Building C object CMakeFiles/cmTC_1347b.dir/CheckFunctionExists.c.o
/usr/bin/cc   -DCHECK_FUNCTION_EXISTS=pthread_create   -o CMakeFiles/cmTC_1347b.dir/CheckFunctionExists.c.o   -c /usr/share/cmake-3.10/Modules/CheckFunctionExists.c
Linking C executable cmTC_1347b
/usr/bin/cmake -E cmake_link_script CMakeFiles/cmTC_1347b.dir/link.txt --verbose=1
/usr/bin/cc  -DCHECK_FUNCTION_EXISTS=pthread_create    CMakeFiles/cmTC_1347b.dir/CheckFunctionExists.c.o  -o cmTC_1347b -lpthreads 
/usr/bin/ld: cannot find -lpthreads
collect2: error: ld returned 1 exit status
CMakeFiles/cmTC_1347b.dir/build.make:97: recipe for target 'cmTC_1347b' failed
make[2]: *** [cmTC_1347b] Error 1
make[2]: Leaving directory '/home/buffoon/dev_ws/build/cpp_pubsub/CMakeFiles/CMakeTmp'
Makefile:126: recipe for target 'cmTC_1347b/fast' failed
make[1]: *** [cmTC_1347b/fast] Error 2
make[1]: Leaving directory '/home/buffoon/dev_ws/build/cpp_pubsub/CMakeFiles/CMakeTmp'


