Determining if the pthread_create exist failed with the following output:
Change Dir: /home/buffoon/dev_ws/build/cpp_/CMakeFiles/CMakeTmp

Run Build Command:"/usr/bin/make" "cmTC_691b5/fast"
/usr/bin/make -f CMakeFiles/cmTC_691b5.dir/build.make CMakeFiles/cmTC_691b5.dir/build
make[1]: Entering directory '/home/buffoon/dev_ws/build/cpp_/CMakeFiles/CMakeTmp'
Building C object CMakeFiles/cmTC_691b5.dir/CheckSymbolExists.c.o
/usr/bin/cc    -o CMakeFiles/cmTC_691b5.dir/CheckSymbolExists.c.o   -c /home/buffoon/dev_ws/build/cpp_/CMakeFiles/CMakeTmp/CheckSymbolExists.c
Linking C executable cmTC_691b5
/usr/bin/cmake -E cmake_link_script CMakeFiles/cmTC_691b5.dir/link.txt --verbose=1
/usr/bin/cc      CMakeFiles/cmTC_691b5.dir/CheckSymbolExists.c.o  -o cmTC_691b5 
CMakeFiles/cmTC_691b5.dir/CheckSymbolExists.c.o: In function `main':
CheckSymbolExists.c:(.text+0x1b): undefined reference to `pthread_create'
collect2: error: ld returned 1 exit status
CMakeFiles/cmTC_691b5.dir/build.make:97: recipe for target 'cmTC_691b5' failed
make[1]: *** [cmTC_691b5] Error 1
make[1]: Leaving directory '/home/buffoon/dev_ws/build/cpp_/CMakeFiles/CMakeTmp'
Makefile:126: recipe for target 'cmTC_691b5/fast' failed
make: *** [cmTC_691b5/fast] Error 2

File /home/buffoon/dev_ws/build/cpp_/CMakeFiles/CMakeTmp/CheckSymbolExists.c:
/* */
#include <pthread.h>

int main(int argc, char** argv)
{
  (void)argv;
#ifndef pthread_create
  return ((int*)(&pthread_create))[argc];
#else
  (void)argc;
  return 0;
#endif
}

Determining if the function pthread_create exists in the pthreads failed with the following output:
Change Dir: /home/buffoon/dev_ws/build/cpp_/CMakeFiles/CMakeTmp

Run Build Command:"/usr/bin/make" "cmTC_606c1/fast"
/usr/bin/make -f CMakeFiles/cmTC_606c1.dir/build.make CMakeFiles/cmTC_606c1.dir/build
make[1]: Entering directory '/home/buffoon/dev_ws/build/cpp_/CMakeFiles/CMakeTmp'
Building C object CMakeFiles/cmTC_606c1.dir/CheckFunctionExists.c.o
/usr/bin/cc   -DCHECK_FUNCTION_EXISTS=pthread_create   -o CMakeFiles/cmTC_606c1.dir/CheckFunctionExists.c.o   -c /usr/share/cmake-3.10/Modules/CheckFunctionExists.c
Linking C executable cmTC_606c1
/usr/bin/cmake -E cmake_link_script CMakeFiles/cmTC_606c1.dir/link.txt --verbose=1
/usr/bin/cc  -DCHECK_FUNCTION_EXISTS=pthread_create    CMakeFiles/cmTC_606c1.dir/CheckFunctionExists.c.o  -o cmTC_606c1 -lpthreads 
/usr/bin/ld: cannot find -lpthreads
collect2: error: ld returned 1 exit status
CMakeFiles/cmTC_606c1.dir/build.make:97: recipe for target 'cmTC_606c1' failed
make[1]: *** [cmTC_606c1] Error 1
make[1]: Leaving directory '/home/buffoon/dev_ws/build/cpp_/CMakeFiles/CMakeTmp'
Makefile:126: recipe for target 'cmTC_606c1/fast' failed
make: *** [cmTC_606c1/fast] Error 2


